<?xml version="1.0" encoding="UTF-8"?>
<!-- Generated by org.testng.reporters.JUnitXMLReporter -->
<testsuite hostname="DESKTOP-S0UQF67" ignored="0" name="RestAutomation tests" tests="3" failures="0" timestamp="06 Jul 2021 03:54:46 GMT" time="6.756" errors="0">
  <testcase name="getUserEmployees" time="5.521" classname="testCases.TC002_GetSingleUserOfEmp"/>
  <testcase name="EmployeesNotFound" time="0.511" classname="testCases.TC003_EmployeeNotFound"/>
  <testcase name="EmployeesNotFound" time="0.426" classname="testCases.TC004_UnknownEmployess"/>
</testsuite> <!-- RestAutomation tests -->
